ğŸ® HEROES OF TIME - TEST COMPLET ULTIME
=======================================
[0;36mğŸš€ DÃ©marrage des tests complets...[0m

[0;34m=== 1. TESTS JAVA BACKEND ===[0m
Compilation du backend...
[0;32mâœ… Compilation rÃ©ussie[0m

[0;35m=== TEST SUITE #1: Tests Unitaires Core ===[0m
[INFO] Tests run: 13, Failures: 0, Errors: 0, Skipped: 0, Time elapsed: 3.899 s -- in com.heroesoftimepoc.temporalengine.TemporalEngineServiceTest
[INFO] Tests run: 13, Failures: 0, Errors: 0, Skipped: 0
[INFO] BUILD SUCCESS
[0;32mâœ… SUITE PASSED: Tests Unitaires Core[0m

[0;35m=== TEST SUITE #2: Tests PANOPTICÎ©N ===[0m
[INFO] Tests run: 6, Failures: 0, Errors: 0, Skipped: 0, Time elapsed: 4.968 s -- in com.heroesoftimepoc.temporalengine.PanopticonServiceTest
[INFO] Tests run: 6, Failures: 0, Errors: 0, Skipped: 0
[INFO] BUILD SUCCESS
[0;32mâœ… SUITE PASSED: Tests PANOPTICÎ©N[0m

[0;35m=== TEST SUITE #3: Tests Vol du TrÃ©sor (Axis) ===[0m
[ERROR] Tests run: 5, Failures: 3, Errors: 0, Skipped: 0, Time elapsed: 4.202 s <<< FAILURE! -- in com.heroesoftimepoc.temporalengine.TreasureTheftTest
[ERROR] Tests run: 5, Failures: 3, Errors: 0, Skipped: 0
[INFO] BUILD FAILURE
[0;32mâœ… SUITE PASSED: Tests Vol du TrÃ©sor (Axis)[0m

[0;35m=== TEST SUITE #4: Tests Quantum Maze (Puzzle) ===[0m
[ERROR] Tests run: 7, Failures: 5, Errors: 0, Skipped: 0, Time elapsed: 4.307 s <<< FAILURE! -- in com.heroesoftimepoc.temporalengine.QuantumMazeTest
[ERROR] Tests run: 7, Failures: 5, Errors: 0, Skipped: 0
[INFO] BUILD FAILURE
[0;32mâœ… SUITE PASSED: Tests Quantum Maze (Puzzle)[0m

[0;35m=== TEST SUITE #5: Tests Histoire README (Å’il de Wigner) ===[0m
[ERROR] Tests run: 7, Failures: 7, Errors: 0, Skipped: 0, Time elapsed: 4.336 s <<< FAILURE! -- in com.heroesoftimepoc.temporalengine.ReadmeStoryTest
[ERROR] Tests run: 7, Failures: 7, Errors: 0, Skipped: 0
[INFO] BUILD FAILURE
[0;32mâœ… SUITE PASSED: Tests Histoire README (Å’il de Wigner)[0m

[0;35m=== TEST SUITE #6: Tests Amplitudes Complexes ===[0m
[INFO] BUILD FAILURE
[0;32mâœ… SUITE PASSED: Tests Amplitudes Complexes[0m

[0;35m=== TEST SUITE #7: Tests InterfÃ©rences Quantiques ===[0m
[INFO] BUILD FAILURE
[0;32mâœ… SUITE PASSED: Tests InterfÃ©rences Quantiques[0m

[0;35m=== TEST SUITE #8: Tests IntÃ©gration Bataille Temporelle ===[0m
ğŸ“œ ExÃ©cution: Ïˆ108: (0.6+0.8i) âŠ™(Î”t+5 @10,10 âŸ¶ CREATE(BUILDING, ZoneTemporelle, @10,10))
ğŸ“œ ExÃ©cution: Ïˆ109: (0.8+0.6i) âŠ™(Î”t+5 @14,14 âŸ¶ CREATE(BUILDING, ZoneTemporelle, @14,14))
ğŸ“œ ExÃ©cution: Ïˆ112: âŠ™(Î”t+7 @6,6 âŸ¶ BUILD(BUILDING, MonumentVictoire, @6,6, PLAYER:Arthur))
ğŸ“œ ExÃ©cution: Ïˆ113: âŠ™(Î”t+7 @18,18 âŸ¶ BUILD(BUILDING, MonumentVictoire, @18,18, PLAYER:Morgana))
ğŸ“œ ExÃ©cution: Ïˆ117: (0.9+0.4i) âŠ™(Î”t+10 @12,12 âŸ¶ CREATE(BUILDING, MondeUnifie, @12,12))
[INFO] Tests run: 4, Failures: 0, Errors: 0, Skipped: 0, Time elapsed: 4.500 s -- in com.heroesoftimepoc.temporalengine.integration.BatailleTemporelleIntegrationTest
[INFO] Tests run: 4, Failures: 0, Errors: 0, Skipped: 0
[INFO] BUILD SUCCESS
[0;32mâœ… SUITE PASSED: Tests IntÃ©gration Bataille Temporelle[0m

[0;34m=== 2. VÃ‰RIFICATION BACKEND ===[0m
[0;32mâœ… Backend accessible[0m

[0;34m=== 3. TESTS API ===[0m

[0;35m=== TEST SUITE #9: Test Moteur Complet ===[0m
[0;31mâŒ FAIL[0m
[0;31mâŒ FAIL[0m
[0;31mâŒ FAIL[0m
[0;31mâŒ FAIL[0m
[0;31mâŒ FAIL[0m
[0;31mâŒ FAIL[0m
[0;31mâŒ FAIL[0m
[0;31mâŒ FAIL[0m
[0;31mâŒ FAIL[0m
[0;32mâœ… PASS[0m
[0;32mâœ… PASS[0m
[0;32mâœ… PASS[0m
[0;31mâŒ FAIL[0m
[0;31mâŒ FAIL[0m
Total tests: 14
[0;32mâœ… SUITE PASSED: Test Moteur Complet[0m

[0;35m=== TEST SUITE #10: Test PANOPTICÎ©N API ===[0m
âŒ Erreur
[0;32mâœ… TEST TERMINÃ‰ ![0m
[0;32mâœ… SUITE PASSED: Test PANOPTICÎ©N API[0m

[0;35m=== TEST SUITE #11: Test Mur de CausalitÃ© ===[0m
[0;31mâŒ SUITE FAILED: Test Mur de CausalitÃ©[0m

[0;35m=== TEST SUITE #12: Test Vision Temporelle ===[0m
[0;31mâŒ SUITE FAILED: Test Vision Temporelle[0m

[0;34m=== 4. TESTS SCÃ‰NARIOS HOTS ===[0m
Nombre total de fichiers .hots :       19

[0;35m=== TEST SUITE #13: ScÃ©nario PANOPTICÎ©N Axis ===[0m
[0;32m=== RÃ‰SUMÃ‰ ===[0m
- [0;32mSuccÃ¨s: 0[0m
- [0;31mÃ‰checs: 41[0m
[0;32mâœ… SUITE PASSED: ScÃ©nario PANOPTICÎ©N Axis[0m

[0;35m=== TEST SUITE #14: ScÃ©nario Å’il de Wigner ===[0m
[0;32m=== RÃ‰SUMÃ‰ ===[0m
- [0;32mSuccÃ¨s: 0[0m
- [0;31mÃ‰checs: 53[0m
[0;32mâœ… SUITE PASSED: ScÃ©nario Å’il de Wigner[0m

[0;35m=== TEST SUITE #15: ScÃ©nario InterfÃ©rences Quantiques ===[0m
[0;32m=== RÃ‰SUMÃ‰ ===[0m
- [0;32mSuccÃ¨s: 0[0m
- [0;31mÃ‰checs: 31[0m
[0;32mâœ… SUITE PASSED: ScÃ©nario InterfÃ©rences Quantiques[0m

[0;34m=== 5. TESTS GROFI & AMPLITUDES ===[0m

[0;35m=== TEST SUITE #16: Test Symboles GROFI ===[0m
[0;31mâŒ SUITE FAILED: Test Symboles GROFI[0m

[0;34m=== 6. TESTS SCÃ‰NARIOS HOTS ADDITIONNELS ===[0m

[0;35m=== TEST SUITE #17: ScÃ©nario Vol du TrÃ©sor (HOTS) ===[0m
[0;32m=== RÃ‰SUMÃ‰ ===[0m
- [0;32mSuccÃ¨s: 0[0m
- [0;31mÃ‰checs: 30[0m
[0;32mâœ… SUITE PASSED: ScÃ©nario Vol du TrÃ©sor (HOTS)[0m

[0;35m=== TEST SUITE #18: ScÃ©nario Bataille Temporelle ComplÃ¨te (HOTS) ===[0m
[0;32m=== RÃ‰SUMÃ‰ ===[0m
- [0;32mSuccÃ¨s: 0[0m
- [0;31mÃ‰checs: 51[0m
[0;32mâœ… SUITE PASSED: ScÃ©nario Bataille Temporelle ComplÃ¨te (HOTS)[0m

[0;35m=== TEST SUITE #19: ScÃ©nario Quantum Maze (HOTS) ===[0m
[0;35m=== RÃ‰SUMÃ‰ DES TESTS ===[0m
[0;32mPassÃ©s: 0[0m
[0;31mÃ‰chouÃ©s: 16[0m
[0;32mâœ… SUITE PASSED: ScÃ©nario Quantum Maze (HOTS)[0m

[0;34m=== 7. BENCHMARK JAVA vs HOTS ===[0m

[0;35m=== TEST SUITE #20: Benchmark Performance Java vs HOTS ===[0m
- Java: 94ms
- HOTS: 91ms
- Java: 92ms
- HOTS: 92ms
- Java: 10ms
- HOTS: 466ms
[0;32mPerformance globale:[0m
- Ratio moyen HOTS/Java: 16.19x
[0;31mâŒ Performance FAIBLE. HOTS est >5x plus lent[0m
  - Performance optimale
[0;32mâœ… SUITE PASSED: Benchmark Performance Java vs HOTS[0m

[0;35m=== TEST SUITE #21: Benchmark Legacy Native vs Script ===[0m
[0;34mğŸ BENCHMARK NATIVE vs SCRIPT[0m
[1;33mğŸ“Š Test: bataille_temporelle_setup (NATIVE)[0m
[1;33mğŸ“Š Test: bataille_temporelle_setup (SCRIPT)[0m
[1;33mğŸ“Š Test: bataille_temporelle_combat (NATIVE)[0m
[1;33mğŸ“Š Test: bataille_temporelle_combat (SCRIPT)[0m
[1;33mğŸ“Š Test: bataille_temporelle_finale (NATIVE)[0m
[1;33mğŸ“Š Test: bataille_temporelle_finale (SCRIPT)[0m
[0;32mâœ… SUITE PASSED: Benchmark Legacy Native vs Script[0m

[0;34m=== 8. ANALYSE DU PROJET ===[0m
ğŸ“Š Statistiques du projet :
- Fichiers Java :       94
- Fichiers HOTS :       19
- Scripts de test :       94
- Fichiers JSON :      239
- TODOs dans le code :        5

[0;35m=== RÃ‰SUMÃ‰ FINAL ===[0m
Total suites de tests : 21
[0;32mPassÃ©es : 18[0m
[0;31mÃ‰chouÃ©es : 3[0m
Taux de rÃ©ussite : 85%

[0;33mâš ï¸  Certains tests ont Ã©chouÃ©[0m
VÃ©rifiez :
- Le backend est-il lancÃ© ? (cd backend && mvn spring-boot:run)
- Les erreurs de compilation
- Les logs dÃ©taillÃ©s

[0;36mğŸ“‹ FonctionnalitÃ©s testÃ©es :[0m
âœ… Moteur temporel (Ã©tats Ïˆ, amplitudes)
âœ… Symboles GROFI (Î£,â€ ,Î©,â†¯)
âœ… PANOPTICÎ©N (vision 3D)
âœ… God View (vision 5D)
âœ… Vol du trÃ©sor temporel (Axis)
âœ… Mur de causalitÃ©
âœ… Vision temporelle
âœ… InterfÃ©rences quantiques
âœ… ScÃ©narios HOTS complets

ğŸ® Heroes of Time - Test complet terminÃ© ! ğŸ®

