🎮 HEROES OF TIME - TEST COMPLET ULTIME
=======================================
[0;36m🚀 Démarrage des tests complets...[0m

[0;34m=== 1. TESTS JAVA BACKEND ===[0m
Compilation du backend...
[0;32m✅ Compilation réussie[0m

[0;35m=== TEST SUITE #1: Tests Unitaires Core ===[0m
[INFO] Tests run: 13, Failures: 0, Errors: 0, Skipped: 0, Time elapsed: 3.899 s -- in com.heroesoftimepoc.temporalengine.TemporalEngineServiceTest
[INFO] Tests run: 13, Failures: 0, Errors: 0, Skipped: 0
[INFO] BUILD SUCCESS
[0;32m✅ SUITE PASSED: Tests Unitaires Core[0m

[0;35m=== TEST SUITE #2: Tests PANOPTICΩN ===[0m
[INFO] Tests run: 6, Failures: 0, Errors: 0, Skipped: 0, Time elapsed: 4.968 s -- in com.heroesoftimepoc.temporalengine.PanopticonServiceTest
[INFO] Tests run: 6, Failures: 0, Errors: 0, Skipped: 0
[INFO] BUILD SUCCESS
[0;32m✅ SUITE PASSED: Tests PANOPTICΩN[0m

[0;35m=== TEST SUITE #3: Tests Vol du Trésor (Axis) ===[0m
[ERROR] Tests run: 5, Failures: 3, Errors: 0, Skipped: 0, Time elapsed: 4.202 s <<< FAILURE! -- in com.heroesoftimepoc.temporalengine.TreasureTheftTest
[ERROR] Tests run: 5, Failures: 3, Errors: 0, Skipped: 0
[INFO] BUILD FAILURE
[0;32m✅ SUITE PASSED: Tests Vol du Trésor (Axis)[0m

[0;35m=== TEST SUITE #4: Tests Quantum Maze (Puzzle) ===[0m
[ERROR] Tests run: 7, Failures: 5, Errors: 0, Skipped: 0, Time elapsed: 4.307 s <<< FAILURE! -- in com.heroesoftimepoc.temporalengine.QuantumMazeTest
[ERROR] Tests run: 7, Failures: 5, Errors: 0, Skipped: 0
[INFO] BUILD FAILURE
[0;32m✅ SUITE PASSED: Tests Quantum Maze (Puzzle)[0m

[0;35m=== TEST SUITE #5: Tests Histoire README (Œil de Wigner) ===[0m
[ERROR] Tests run: 7, Failures: 7, Errors: 0, Skipped: 0, Time elapsed: 4.336 s <<< FAILURE! -- in com.heroesoftimepoc.temporalengine.ReadmeStoryTest
[ERROR] Tests run: 7, Failures: 7, Errors: 0, Skipped: 0
[INFO] BUILD FAILURE
[0;32m✅ SUITE PASSED: Tests Histoire README (Œil de Wigner)[0m

[0;35m=== TEST SUITE #6: Tests Amplitudes Complexes ===[0m
[INFO] BUILD FAILURE
[0;32m✅ SUITE PASSED: Tests Amplitudes Complexes[0m

[0;35m=== TEST SUITE #7: Tests Interférences Quantiques ===[0m
[INFO] BUILD FAILURE
[0;32m✅ SUITE PASSED: Tests Interférences Quantiques[0m

[0;35m=== TEST SUITE #8: Tests Intégration Bataille Temporelle ===[0m
📜 Exécution: ψ108: (0.6+0.8i) ⊙(Δt+5 @10,10 ⟶ CREATE(BUILDING, ZoneTemporelle, @10,10))
📜 Exécution: ψ109: (0.8+0.6i) ⊙(Δt+5 @14,14 ⟶ CREATE(BUILDING, ZoneTemporelle, @14,14))
📜 Exécution: ψ112: ⊙(Δt+7 @6,6 ⟶ BUILD(BUILDING, MonumentVictoire, @6,6, PLAYER:Arthur))
📜 Exécution: ψ113: ⊙(Δt+7 @18,18 ⟶ BUILD(BUILDING, MonumentVictoire, @18,18, PLAYER:Morgana))
📜 Exécution: ψ117: (0.9+0.4i) ⊙(Δt+10 @12,12 ⟶ CREATE(BUILDING, MondeUnifie, @12,12))
[INFO] Tests run: 4, Failures: 0, Errors: 0, Skipped: 0, Time elapsed: 4.500 s -- in com.heroesoftimepoc.temporalengine.integration.BatailleTemporelleIntegrationTest
[INFO] Tests run: 4, Failures: 0, Errors: 0, Skipped: 0
[INFO] BUILD SUCCESS
[0;32m✅ SUITE PASSED: Tests Intégration Bataille Temporelle[0m

[0;34m=== 2. VÉRIFICATION BACKEND ===[0m
[0;32m✅ Backend accessible[0m

[0;34m=== 3. TESTS API ===[0m

[0;35m=== TEST SUITE #9: Test Moteur Complet ===[0m
[0;31m❌ FAIL[0m
[0;31m❌ FAIL[0m
[0;31m❌ FAIL[0m
[0;31m❌ FAIL[0m
[0;31m❌ FAIL[0m
[0;31m❌ FAIL[0m
[0;31m❌ FAIL[0m
[0;31m❌ FAIL[0m
[0;31m❌ FAIL[0m
[0;32m✅ PASS[0m
[0;32m✅ PASS[0m
[0;32m✅ PASS[0m
[0;31m❌ FAIL[0m
[0;31m❌ FAIL[0m
Total tests: 14
[0;32m✅ SUITE PASSED: Test Moteur Complet[0m

[0;35m=== TEST SUITE #10: Test PANOPTICΩN API ===[0m
❌ Erreur
[0;32m✅ TEST TERMINÉ ![0m
[0;32m✅ SUITE PASSED: Test PANOPTICΩN API[0m

[0;35m=== TEST SUITE #11: Test Mur de Causalité ===[0m
[0;31m❌ SUITE FAILED: Test Mur de Causalité[0m

[0;35m=== TEST SUITE #12: Test Vision Temporelle ===[0m
[0;31m❌ SUITE FAILED: Test Vision Temporelle[0m

[0;34m=== 4. TESTS SCÉNARIOS HOTS ===[0m
Nombre total de fichiers .hots :       19

[0;35m=== TEST SUITE #13: Scénario PANOPTICΩN Axis ===[0m
[0;32m=== RÉSUMÉ ===[0m
- [0;32mSuccès: 0[0m
- [0;31mÉchecs: 41[0m
[0;32m✅ SUITE PASSED: Scénario PANOPTICΩN Axis[0m

[0;35m=== TEST SUITE #14: Scénario Œil de Wigner ===[0m
[0;32m=== RÉSUMÉ ===[0m
- [0;32mSuccès: 0[0m
- [0;31mÉchecs: 53[0m
[0;32m✅ SUITE PASSED: Scénario Œil de Wigner[0m

[0;35m=== TEST SUITE #15: Scénario Interférences Quantiques ===[0m
[0;32m=== RÉSUMÉ ===[0m
- [0;32mSuccès: 0[0m
- [0;31mÉchecs: 31[0m
[0;32m✅ SUITE PASSED: Scénario Interférences Quantiques[0m

[0;34m=== 5. TESTS GROFI & AMPLITUDES ===[0m

[0;35m=== TEST SUITE #16: Test Symboles GROFI ===[0m
[0;31m❌ SUITE FAILED: Test Symboles GROFI[0m

[0;34m=== 6. TESTS SCÉNARIOS HOTS ADDITIONNELS ===[0m

[0;35m=== TEST SUITE #17: Scénario Vol du Trésor (HOTS) ===[0m
[0;32m=== RÉSUMÉ ===[0m
- [0;32mSuccès: 0[0m
- [0;31mÉchecs: 30[0m
[0;32m✅ SUITE PASSED: Scénario Vol du Trésor (HOTS)[0m

[0;35m=== TEST SUITE #18: Scénario Bataille Temporelle Complète (HOTS) ===[0m
[0;32m=== RÉSUMÉ ===[0m
- [0;32mSuccès: 0[0m
- [0;31mÉchecs: 51[0m
[0;32m✅ SUITE PASSED: Scénario Bataille Temporelle Complète (HOTS)[0m

[0;35m=== TEST SUITE #19: Scénario Quantum Maze (HOTS) ===[0m
[0;35m=== RÉSUMÉ DES TESTS ===[0m
[0;32mPassés: 0[0m
[0;31mÉchoués: 16[0m
[0;32m✅ SUITE PASSED: Scénario Quantum Maze (HOTS)[0m

[0;34m=== 7. BENCHMARK JAVA vs HOTS ===[0m

[0;35m=== TEST SUITE #20: Benchmark Performance Java vs HOTS ===[0m
- Java: 94ms
- HOTS: 91ms
- Java: 92ms
- HOTS: 92ms
- Java: 10ms
- HOTS: 466ms
[0;32mPerformance globale:[0m
- Ratio moyen HOTS/Java: 16.19x
[0;31m❌ Performance FAIBLE. HOTS est >5x plus lent[0m
  - Performance optimale
[0;32m✅ SUITE PASSED: Benchmark Performance Java vs HOTS[0m

[0;35m=== TEST SUITE #21: Benchmark Legacy Native vs Script ===[0m
[0;34m🏁 BENCHMARK NATIVE vs SCRIPT[0m
[1;33m📊 Test: bataille_temporelle_setup (NATIVE)[0m
[1;33m📊 Test: bataille_temporelle_setup (SCRIPT)[0m
[1;33m📊 Test: bataille_temporelle_combat (NATIVE)[0m
[1;33m📊 Test: bataille_temporelle_combat (SCRIPT)[0m
[1;33m📊 Test: bataille_temporelle_finale (NATIVE)[0m
[1;33m📊 Test: bataille_temporelle_finale (SCRIPT)[0m
[0;32m✅ SUITE PASSED: Benchmark Legacy Native vs Script[0m

[0;34m=== 8. ANALYSE DU PROJET ===[0m
📊 Statistiques du projet :
- Fichiers Java :       94
- Fichiers HOTS :       19
- Scripts de test :       94
- Fichiers JSON :      239
- TODOs dans le code :        5

[0;35m=== RÉSUMÉ FINAL ===[0m
Total suites de tests : 21
[0;32mPassées : 18[0m
[0;31mÉchouées : 3[0m
Taux de réussite : 85%

[0;33m⚠️  Certains tests ont échoué[0m
Vérifiez :
- Le backend est-il lancé ? (cd backend && mvn spring-boot:run)
- Les erreurs de compilation
- Les logs détaillés

[0;36m📋 Fonctionnalités testées :[0m
✅ Moteur temporel (états ψ, amplitudes)
✅ Symboles GROFI (Σ,†,Ω,↯)
✅ PANOPTICΩN (vision 3D)
✅ God View (vision 5D)
✅ Vol du trésor temporel (Axis)
✅ Mur de causalité
✅ Vision temporelle
✅ Interférences quantiques
✅ Scénarios HOTS complets

🎮 Heroes of Time - Test complet terminé ! 🎮

